<?xml version="1.0" encoding="UTF-8"?>
<!-- Generated by org.testng.reporters.JUnitReportReporter -->
<testsuite skipped="0" hostname="Muthukumar" name="MissionBDD.BDD.AppTest" tests="1" failures="0" timestamp="31 Mar 2020 02:25:43 GMT" time="0.000" errors="0">
  <testcase name="testApp" time="0.000" classname="MissionBDD.BDD.AppTest"/>
</testsuite> <!-- MissionBDD.BDD.AppTest -->
